Username:  rollers
Date:      Tue Dec 3 07:43:59 EST 2019
 
*** compiling ***
--- Running ---
 
Name: Seth Roller
Lab: Merge and Heap Sort
Problem: Implementing Merge and Heap sort from
the Foundations of Algorithms book.

Please enter the name of a file: 
You entered /home/mathcs/turnin/bracken/input11a.text
array contents:
1

after heap sort
1

results for heap sort
start s: 1575377039
start ns: 521333100
end s: 1575377039
end ns: 521333262
difference s: 0
difference ns: 162

n: 1
basic operations: 0
num assignments: 4

after merge sort
1

results for merge sort
start s: 1575377039
start ns: 521343894
end s: 1575377039
end ns: 521343958
difference s: 0
difference ns: 64

n: 1
basic operations: 1
num assignments: 0
--- Running again ---
 
Name: Seth Roller
Lab: Merge and Heap Sort
Problem: Implementing Merge and Heap sort from
the Foundations of Algorithms book.

Please enter the name of a file: 
You entered /home/mathcs/turnin/bracken/input11b.text
array contents:
61
62
63
64
100
75
200
88
1
5
500
90
1000
99
400
300
700
5
6
7
126
127
133
9999
10000
999999
555
777
888
26
39
54
78
80000
90000
3
77
66
6666
555
444
333
222
11111
278
986
985
458
453
422
3333
3334
443
89
93
25
26
27
16
15
14
18
19
28

after heap sort
1
3
5
5
6
7
14
15
16
18
19
25
26
26
27
28
39
54
61
62
63
64
66
75
77
78
88
89
90
93
99
100
126
127
133
200
222
278
300
333
400
422
443
444
453
458
500
555
555
700
777
888
985
986
1000
3333
3334
6666
9999
10000
11111
80000
90000
999999

results for heap sort
start s: 1575377039
start ns: 523206952
end s: 1575377039
end ns: 523213814
difference s: 0
difference ns: 6862

n: 64
basic operations: 683
num assignments: 648

after merge sort
1
3
5
5
6
7
14
15
16
18
19
25
26
26
27
28
39
54
61
62
63
64
66
75
77
78
88
89
90
93
99
100
126
127
133
200
222
278
300
333
400
422
443
444
453
458
500
555
555
700
777
888
985
986
1000
3333
3334
6666
9999
10000
11111
80000
90000
999999

results for merge sort
start s: 1575377039
start ns: 523270297
end s: 1575377039
end ns: 523279861
difference s: 0
difference ns: 9564

n: 64
basic operations: 291
num assignments: 768
--- Running again ---
 
Name: Seth Roller
Lab: Merge and Heap Sort
Problem: Implementing Merge and Heap sort from
the Foundations of Algorithms book.

Please enter the name of a file: 
You entered /home/mathcs/turnin/bracken/input11c.text
array contents:
1
2
3
4
5
6
7
8
9
10
11
12
13
14
15
16
17
18
19
20
21
22
23
24
25
26
27
28
29
30
31
32
33
34
35
36
37
38
39
40
41
42
43
44
45
46
47
48
49
50
51
52
53
54
55
56
67
58
59
60
61
62
63
64

after heap sort
1
2
3
4
5
6
7
8
9
10
11
12
13
14
15
16
17
18
19
20
21
22
23
24
25
26
27
28
29
30
31
32
33
34
35
36
37
38
39
40
41
42
43
44
45
46
47
48
49
50
51
52
53
54
55
56
58
59
60
61
62
63
64
67

results for heap sort
start s: 1575377039
start ns: 524954025
end s: 1575377039
end ns: 524960363
difference s: 0
difference ns: 6338

n: 64
basic operations: 730
num assignments: 684

after merge sort
1
2
3
4
5
6
7
8
9
10
11
12
13
14
15
16
17
18
19
20
21
22
23
24
25
26
27
28
29
30
31
32
33
34
35
36
37
38
39
40
41
42
43
44
45
46
47
48
49
50
51
52
53
54
55
56
58
59
60
61
62
63
64
67

results for merge sort
start s: 1575377039
start ns: 525049467
end s: 1575377039
end ns: 525057358
difference s: 0
difference ns: 7891

n: 64
basic operations: 197
num assignments: 768
--- Running again ---
 
Name: Seth Roller
Lab: Merge and Heap Sort
Problem: Implementing Merge and Heap sort from
the Foundations of Algorithms book.

Please enter the name of a file: 
You entered /home/mathcs/turnin/bracken/input11d.text
array contents:
16
15
14
13
12
11
10
9
8
7
6
5
4
3
2
1

after heap sort
1
2
3
4
5
6
7
8
9
10
11
12
13
14
15
16

results for heap sort
start s: 1575377039
start ns: 526634498
end s: 1575377039
end ns: 526636173
difference s: 0
difference ns: 1675

n: 16
basic operations: 89
num assignments: 119

after merge sort
1
2
3
4
5
6
7
8
9
10
11
12
13
14
15
16

results for merge sort
start s: 1575377039
start ns: 526662511
end s: 1575377039
end ns: 526665455
difference s: 0
difference ns: 2944

n: 16
basic operations: 33
num assignments: 128
 
